SF:lib/feature/data/repositories/weather_repository.dart
DA:8,1
DA:10,1
DA:13,2
DA:18,1
DA:20,1
LF:5
LH:5
end_of_record
SF:lib/feature/data/models/weather_model.dart
DA:10,3
DA:18,2
DA:19,2
DA:20,2
DA:21,2
DA:22,2
DA:23,6
DA:24,4
DA:25,2
DA:29,1
DA:30,1
DA:31,1
DA:32,1
DA:33,1
DA:34,1
DA:38,2
DA:45,2
DA:46,1
DA:47,2
DA:48,2
DA:49,2
DA:50,2
LF:22
LH:22
end_of_record
SF:lib/feature/data/models/forecast_model.dart
DA:6,5
DA:12,3
DA:13,3
DA:14,3
DA:15,3
DA:16,3
DA:20,1
DA:21,1
DA:22,1
DA:23,1
DA:24,1
LF:11
LH:11
end_of_record
SF:lib/feature/infra/dio_client_adapter.dart
DA:5,1
DA:7,1
DA:10,3
DA:11,1
DA:12,1
DA:13,1
DA:14,1
LF:7
LH:7
end_of_record
SF:lib/feature/infra/custom_response.dart
DA:8,1
LF:1
LH:1
end_of_record
SF:lib/feature/presenter/weather_bloc.dart
DA:7,0
DA:12,0
DA:13,0
DA:15,0
DA:16,0
DA:20,0
DA:24,0
DA:25,0
DA:31,0
DA:33,0
DA:34,0
LF:11
LH:0
end_of_record
SF:lib/feature/presenter/weather_event.dart
DA:10,0
LF:1
LH:0
end_of_record
SF:lib/feature/presenter/weather_state.dart
DA:7,4
DA:11,0
DA:15,4
DA:16,0
DA:20,0
DA:22,0
DA:28,4
DA:30,0
LF:8
LH:3
end_of_record
SF:lib/feature/data/datasources/weather_datasource.dart
DA:6,1
DA:8,1
DA:12,2
DA:17,1
LF:4
LH:4
end_of_record
