SF:lib/feature/data/models/weather_model.dart
DA:10,2
DA:18,1
DA:19,1
DA:20,1
DA:21,1
DA:22,1
DA:23,3
DA:24,2
DA:25,1
DA:29,1
DA:30,1
DA:31,1
DA:32,1
DA:33,1
DA:34,1
DA:38,1
DA:45,1
DA:46,0
DA:47,0
DA:48,0
DA:49,0
DA:50,0
LF:22
LH:17
end_of_record
SF:lib/feature/data/models/forecast_model.dart
DA:6,2
DA:12,1
DA:13,1
DA:14,1
DA:15,1
DA:16,1
DA:20,0
DA:21,0
DA:22,0
DA:23,0
DA:24,0
LF:11
LH:6
end_of_record
SF:lib/feature/infra/dio_client_adapter.dart
DA:5,0
DA:7,0
DA:10,0
DA:11,0
DA:12,0
DA:13,0
DA:14,0
LF:7
LH:0
end_of_record
SF:lib/feature/infra/custom_response.dart
DA:8,0
LF:1
LH:0
end_of_record
SF:lib/feature/presenter/weather_bloc.dart
DA:7,0
DA:12,0
DA:13,0
DA:15,0
DA:16,0
DA:20,0
DA:24,0
DA:25,0
DA:31,0
DA:33,0
DA:34,0
LF:11
LH:0
end_of_record
SF:lib/feature/presenter/weather_event.dart
DA:10,0
LF:1
LH:0
end_of_record
SF:lib/feature/presenter/weather_state.dart
DA:7,2
DA:11,0
DA:15,2
DA:16,0
DA:20,0
DA:22,0
DA:28,2
DA:30,0
LF:8
LH:3
end_of_record
SF:lib/feature/data/datasources/weather_datasource.dart
DA:6,0
DA:8,0
DA:12,0
DA:17,0
LF:4
LH:0
end_of_record
SF:lib/feature/data/repositories/weather_repository.dart
DA:8,0
DA:10,0
DA:13,0
DA:18,0
DA:20,0
LF:5
LH:0
end_of_record
